npm error code ERESOLVE
npm error ERESOLVE could not resolve
npm error
npm error While resolving: ts-jest@29.3.4
npm error Found: babel-jest@30.0.0-beta.3
npm error node_modules/babel-jest
npm error   dev babel-jest@"^30.0.0-beta.3" from the root project
npm error
npm error Could not resolve dependency:
npm error peerOptional babel-jest@"^29.0.0" from ts-jest@29.3.4
npm error node_modules/ts-jest
npm error   dev ts-jest@"^29.3.4" from the root project
npm error
npm error Conflicting peer dependency: babel-jest@29.7.0
npm error node_modules/babel-jest
npm error   peerOptional babel-jest@"^29.0.0" from ts-jest@29.3.4
npm error   node_modules/ts-jest
npm error     dev ts-jest@"^29.3.4" from the root project
npm error
npm error Fix the upstream dependency conflict, or retry
npm error this command with --force or --legacy-peer-deps
npm error to accept an incorrect (and potentially broken) dependency resolution.
npm error
npm error
npm error For a full report see:
npm error C:\Users\TRISTA\AppData\Local\npm-cache\_logs\2025-06-11T06_45_51_667Z-eresolve-report.txt
npm error A complete log of this run can be found in: C:\Users\TRISTA\AppData\Local\npm-cache\_logs\2025-06-11T06_45_51_667Z-debug-0.log
